<?xml version="1.0" encoding="UTF-8"?>
<testng-results skipped="0" failed="1" ignored="0" total="1" passed="0">
  <reporter-output>
  </reporter-output>
  <suite name="Default suite" duration-ms="17052" started-at="2020-05-28T12:22:30 PDT" finished-at="2020-05-28T12:22:47 PDT">
    <groups>
    </groups>
    <test name="Default test" duration-ms="17052" started-at="2020-05-28T12:22:30 PDT" finished-at="2020-05-28T12:22:47 PDT">
      <class name="com.qa.hubspot.basepeage.ContactPageTest">
        <test-method status="PASS" signature="setUp()[pri:0, instance:com.qa.hubspot.basepeage.ContactPageTest@68bbe345]" name="setUp" is-config="true" duration-ms="6540" started-at="2020-05-28T12:22:30 PDT" finished-at="2020-05-28T12:22:37 PDT">
          <reporter-output>
          </reporter-output>
        </test-method> <!-- setUp -->
        <test-method status="PASS" signature="contactSetup()[pri:0, instance:com.qa.hubspot.basepeage.ContactPageTest@68bbe345]" name="contactSetup" is-config="true" duration-ms="9713" started-at="2020-05-28T12:22:37 PDT" finished-at="2020-05-28T12:22:47 PDT">
          <reporter-output>
          </reporter-output>
        </test-method> <!-- contactSetup -->
        <test-method status="FAIL" signature="verifycreateContactTest()[pri:0, instance:com.qa.hubspot.basepeage.ContactPageTest@68bbe345]" name="verifycreateContactTest" duration-ms="6" started-at="2020-05-28T12:22:47 PDT" finished-at="2020-05-28T12:22:47 PDT">
          <exception class="java.lang.NullPointerException">
            <full-stacktrace>
              <![CDATA[java.lang.NullPointerException
at com.qa.hubspot.util.ElementUtil.doSendKeys(ElementUtil.java:37)
at com.qa.hubspot.pages.ContactsPage.doCreateContact(ContactsPage.java:32)
at com.qa.hubspot.basepeage.ContactPageTest.verifycreateContactTest(ContactPageTest.java:30)
at sun.reflect.NativeMethodAccessorImpl.invoke0(Native Method)
at sun.reflect.NativeMethodAccessorImpl.invoke(Unknown Source)
at sun.reflect.DelegatingMethodAccessorImpl.invoke(Unknown Source)
at java.lang.reflect.Method.invoke(Unknown Source)
at org.testng.internal.MethodInvocationHelper.invokeMethod(MethodInvocationHelper.java:135)
at org.testng.internal.TestInvoker.invokeMethod(TestInvoker.java:598)
at org.testng.internal.TestInvoker.invokeTestMethod(TestInvoker.java:174)
at org.testng.internal.MethodRunner.runInSequence(MethodRunner.java:46)
at org.testng.internal.TestInvoker$MethodInvocationAgent.invoke(TestInvoker.java:821)
at org.testng.internal.TestInvoker.invokeTestMethods(TestInvoker.java:147)
at org.testng.internal.TestMethodWorker.invokeTestMethods(TestMethodWorker.java:146)
at org.testng.internal.TestMethodWorker.run(TestMethodWorker.java:128)
at java.util.ArrayList.forEach(Unknown Source)
at org.testng.TestRunner.privateRun(TestRunner.java:767)
at org.testng.TestRunner.run(TestRunner.java:588)
at org.testng.SuiteRunner.runTest(SuiteRunner.java:384)
at org.testng.SuiteRunner.runSequentially(SuiteRunner.java:378)
at org.testng.SuiteRunner.privateRun(SuiteRunner.java:337)
at org.testng.SuiteRunner.run(SuiteRunner.java:286)
at org.testng.SuiteRunnerWorker.runSuite(SuiteRunnerWorker.java:53)
at org.testng.SuiteRunnerWorker.run(SuiteRunnerWorker.java:96)
at org.testng.TestNG.runSuitesSequentially(TestNG.java:1214)
at org.testng.TestNG.runSuitesLocally(TestNG.java:1136)
at org.testng.TestNG.runSuites(TestNG.java:1066)
at org.testng.TestNG.run(TestNG.java:1034)
at org.testng.remote.AbstractRemoteTestNG.run(AbstractRemoteTestNG.java:115)
at org.testng.remote.RemoteTestNG.initAndRun(RemoteTestNG.java:251)
at org.testng.remote.RemoteTestNG.main(RemoteTestNG.java:77)
]]>
            </full-stacktrace>
          </exception> <!-- java.lang.NullPointerException -->
          <reporter-output>
          </reporter-output>
        </test-method> <!-- verifycreateContactTest -->
        <test-method status="PASS" signature="tearDown()[pri:0, instance:com.qa.hubspot.basepeage.ContactPageTest@68bbe345]" name="tearDown" is-config="true" duration-ms="749" started-at="2020-05-28T12:22:47 PDT" finished-at="2020-05-28T12:22:47 PDT">
          <reporter-output>
          </reporter-output>
        </test-method> <!-- tearDown -->
      </class> <!-- com.qa.hubspot.basepeage.ContactPageTest -->
    </test> <!-- Default test -->
  </suite> <!-- Default suite -->
</testng-results>
